[     540ms] [ERROR] The Content Security Policy directive 'upgrade-insecure-requests' is ignored when delivered in a report-only policy. @ https://www.tiktok.com/foryou:0
[     673ms] [WARNING] Reflect is already polyfilled. @ https://sf16-website-login.neutral.ttwstatic.com/obj/tiktok_web_login_static/tiktok/webapp/main/react-v18/webapp-desktop/static/js/webapp-desktop.e3f526d4.js:0
[     698ms] [WARNING] AppContext will be overwritten @ https://sf16-website-login.neutral.ttwstatic.com/obj/tiktok_web_login_static/tiktok/webapp/main/react-v18/webapp-desktop/static/js/webapp-desktop.e3f526d4.js:0
[     698ms] [WARNING] AppContext will be overwritten @ https://sf16-website-login.neutral.ttwstatic.com/obj/tiktok_web_login_static/tiktok/webapp/main/react-v18/webapp-desktop/static/js/webapp-desktop.e3f526d4.js:0
[     699ms] [WARNING] AppContext will be overwritten @ https://sf16-website-login.neutral.ttwstatic.com/obj/tiktok_web_login_static/tiktok/webapp/main/react-v18/webapp-desktop/static/js/webapp-desktop.e3f526d4.js:0
[     699ms] [WARNING] AppContext will be overwritten @ https://sf16-website-login.neutral.ttwstatic.com/obj/tiktok_web_login_static/tiktok/webapp/main/react-v18/webapp-desktop/static/js/webapp-desktop.e3f526d4.js:0
[     699ms] [WARNING] AppContext will be overwritten @ https://sf16-website-login.neutral.ttwstatic.com/obj/tiktok_web_login_static/tiktok/webapp/main/react-v18/webapp-desktop/static/js/webapp-desktop.e3f526d4.js:0
[     699ms] [WARNING] AppContext will be overwritten @ https://sf16-website-login.neutral.ttwstatic.com/obj/tiktok_web_login_static/tiktok/webapp/main/react-v18/webapp-desktop/static/js/webapp-desktop.e3f526d4.js:0
[     699ms] [WARNING] AppContext will be overwritten @ https://sf16-website-login.neutral.ttwstatic.com/obj/tiktok_web_login_static/tiktok/webapp/main/react-v18/webapp-desktop/static/js/webapp-desktop.e3f526d4.js:0
[     699ms] [WARNING] AppContext will be overwritten @ https://sf16-website-login.neutral.ttwstatic.com/obj/tiktok_web_login_static/tiktok/webapp/main/react-v18/webapp-desktop/static/js/webapp-desktop.e3f526d4.js:0
[     699ms] [WARNING] AppContext will be overwritten @ https://sf16-website-login.neutral.ttwstatic.com/obj/tiktok_web_login_static/tiktok/webapp/main/react-v18/webapp-desktop/static/js/webapp-desktop.e3f526d4.js:0
[     709ms] [WARNING] AppContext will be overwritten @ https://sf16-website-login.neutral.ttwstatic.com/obj/tiktok_web_login_static/tiktok/webapp/main/react-v18/webapp-desktop/static/js/webapp-desktop.e3f526d4.js:0
[     710ms] [WARNING] AppContext will be overwritten @ https://sf16-website-login.neutral.ttwstatic.com/obj/tiktok_web_login_static/tiktok/webapp/main/react-v18/webapp-desktop/static/js/webapp-desktop.e3f526d4.js:0
[     710ms] [WARNING] loadable: `loadableReady()` requires state, please use `getScriptTags` or `getScriptElements` server-side @ https://sf16-website-login.neutral.ttwstatic.com/obj/tiktok_web_login_static/tiktok/webapp/main/react-v18/webapp-desktop/static/js/99593.2fe8cbb1.js:1
[     844ms] [INFO] . @ https://sf16-website-login.neutral.ttwstatic.com/obj/tiktok_web_login_static/webmssdk/1.0.0.368/webmssdk.js:0
[    1501ms] [WARNING] [TikTok desktop app SDK Monitor]:   WARN:[printFirstFeedShow]The current environment is not inside the client. @ https://sf16-website-login.neutral.ttwstatic.com/obj/tiktok_web_login_static/tiktok/webapp/main/react-v18/webapp-desktop/static/js/webapp-desktop.e3f526d4.js:0
[    1531ms] [LOG] ws.opened @ https://sf16-website-login.neutral.ttwstatic.com/obj/tiktok_web_login_static/tiktok/webapp/main/react-v18/webapp-desktop/static/js/async/64887.aa44c2fe.js:1
[    1634ms] Uncaught (in promise) TypeError: a.init is not a function
    at <anonymous> (https://sf16-website-login.neutral.ttwstatic.com/obj/tiktok_web_login_static/tiktok/webapp/main/react-v18/webapp-desktop/static/js/async/64887.aa44c2fe.js:1:544225)
    at l (https://sf16-website-login.neutral.ttwstatic.com/obj/tiktok_web_login_static/tiktok/webapp/main/react-v18/webapp-desktop/static/js/async/64887.aa44c2fe.js:1:537319)
    at <anonymous> (https://sf16-website-login.neutral.ttwstatic.com/obj/tiktok_web_login_static/tiktok/webapp/main/react-v18/webapp-desktop/static/js/async/64887.aa44c2fe.js:1:538676)
    at <anonymous> (https://sf16-website-login.neutral.ttwstatic.com/obj/tiktok_web_login_static/tiktok/webapp/main/react-v18/webapp-desktop/static/js/async/64887.aa44c2fe.js:1:537712)
    at <anonymous> (https://sf16-website-login.neutral.ttwstatic.com/obj/tiktok_web_login_static/tiktok/webapp/main/react-v18/webapp-desktop/static/js/99593.2fe8cbb1.js:1:219491)
    at p (https://sf16-website-login.neutral.ttwstatic.com/obj/tiktok_web_login_static/tiktok/webapp/main/react-v18/webapp-desktop/static/js/99593.2fe8cbb1.js:1:219240)
    at value (https://sf16-website-login.neutral.ttwstatic.com/obj/tiktok_web_login_static/tiktok/webapp/main/react-v18/webapp-desktop/static/js/async/64887.aa44c2fe.js:1:543765)
    at value (https://sf16-website-login.neutral.ttwstatic.com/obj/tiktok_web_login_static/tiktok/webapp/main/react-v18/webapp-desktop/static/js/async/64887.aa44c2fe.js:1:543644)
    at <anonymous> (https://sf16-website-login.neutral.ttwstatic.com/obj/tiktok_web_login_static/tiktok/webapp/main/react-v18/webapp-desktop/static/js/async/64887.aa44c2fe.js:1:616432)
    at l (https://sf16-website-login.neutral.ttwstatic.com/obj/tiktok_web_login_static/tiktok/webapp/main/react-v18/webapp-desktop/static/js/async/64887.aa44c2fe.js:1:608621)
    at <anonymous> (https://sf16-website-login.neutral.ttwstatic.com/obj/tiktok_web_login_static/tiktok/webapp/main/react-v18/webapp-desktop/static/js/async/64887.aa44c2fe.js:1:609978)
    at <anonymous> (https://sf16-website-login.neutral.ttwstatic.com/obj/tiktok_web_login_static/tiktok/webapp/main/react-v18/webapp-desktop/static/js/async/64887.aa44c2fe.js:1:609014)
    at a (https://sf16-website-login.neutral.ttwstatic.com/obj/tiktok_web_login_static/tiktok/webapp/main/react-v18/webapp-desktop/static/js/99593.2fe8cbb1.js:1:219296)
[    1814ms] [ERROR] Failed to load resource: the server responded with a status of 400 () @ https://www.tiktok.com/api/inbox/notice_count/?WebIdLastTime=1775974749&aid=1988&app_language=en&app_name=tiktok_web&browser_language=en-US&browser_name=Mozilla&browser_online=true&browser_platform=MacIntel&browser_version=5.0%20%28Macintosh%3B%20Intel%20Mac%20OS%20X%2010_15_7%29%20AppleWebKit%2F537.36%20%28KHTML%2C%20like%20Gecko%29%20Chrome%2F147.0.0.0%20Safari%2F537.36&channel=tiktok_web&cookie_enabled=true&data_collection_enabled=false&device_id=7627753436562048513&device_platform=web_pc&focus_state=true&from_page=fyp&history_len=2&is_fullscreen=false&is_page_visible=true&odinId=7627753298150048775&os=mac&priority_region=&referer=&region=LK&screen_height=1200&screen_width=1920&tz_name=Asia%2FColombo&user_is_login=false&webcast_language=en:0
[    1991ms] [LOG] [browser check] %s, os:  Chrome Mac OS @ https://sf16-website-login.neutral.ttwstatic.com/obj/tiktok_web_login_static/tiktok/webapp/main/react-v18/webapp-desktop/static/js/async/30382.b22c9bba.js:0
[    1992ms] [WARNING] InvalidCharacterError: Failed to execute 'atob' on 'Window': The string to be decoded is not correctly encoded.
    at i (https://sf16-website-login.neutral.ttwstatic.com/obj/tiktok_web_login_static/tiktok/webapp/main/react-v18/webapp-desktop/static/js/async/24640.5cb8196b.js:1:114586)
    at e.getLoginContext (https://sf16-website-login.neutral.ttwstatic.com/obj/tiktok_web_login_static/tiktok/webapp/main/react-v18/webapp-desktop/static/js/async/24640.5cb8196b.js:1:39533)
    at https://sf16-website-login.neutral.ttwstatic.com/obj/tiktok_web_login_static/tiktok/webapp/main/react-v18/webapp-desktop/static/js/async/24640.5cb8196b.js:1:35511
    at v (https://sf16-website-login.neutral.ttwstatic.com/obj/tiktok_web_login_static/tiktok/webapp/main/react-v18/webapp-desktop/static/js/npm-rxjs.142286d3.js:1:26341)
    at d (https://sf16-website-login.neutral.ttwstatic.com/obj/tiktok_web_login_static/tiktok/webapp/main/react-v18/webapp-desktop/static/js/npm-rxjs.142286d3.js:1:26289)
    at r._next (https://sf16-website-login.neutral.ttwstatic.com/obj/tiktok_web_login_static/tiktok/webapp/main/react-v18/webapp-desktop/static/js/npm-rxjs.142286d3.js:1:19650)
    at r.next (https://sf16-website-login.neutral.ttwstatic.com/obj/tiktok_web_login_static/tiktok/webapp/main/react-v18/webapp-desktop/static/js/npm-rxjs.142286d3.js:1:7391)
    at https://sf16-website-login.neutral.ttwstatic.com/obj/tiktok_web_login_static/tiktok/webapp/main/react-v18/webapp-desktop/static/js/npm-rxjs.142286d3.js:1:25643
    at r._next (https://sf16-website-login.neutral.ttwstatic.com/obj/tiktok_web_login_static/tiktok/webapp/main/react-v18/webapp-desktop/static/js/npm-rxjs.142286d3.js:1:19650)
    at r.next (https://sf16-website-login.neutral.ttwstatic.com/obj/tiktok_web_login_static/tiktok/webapp/main/react-v18/webapp-desktop/static/js/npm-rxjs.142286d3.js:1:7391) @ https://sf16-website-login.neutral.ttwstatic.com/obj/tiktok_web_login_static/tiktok/webapp/main/react-v18/webapp-desktop/static/js/async/24640.5cb8196b.js:0
[    1993ms] [INFO] Loading the script 'https://accounts.google.com/gsi/client' violates the following Content Security Policy directive: "script-src 'report-sample' 'unsafe-eval' 'wasm-unsafe-eval' apis.google.com c.paypal.com client-api.arkoselabs.com code.jquery.com connect.facebook.net developers.kakao.com js.hcaptcha.com js.hsforms.net pay.google.com recaptcha.google.com s20.tiktokcdn.com s3.amazonaws.com sf16-website-login.neutral.ttwstatic.com sf16-website.neutral.ttwstatic.com ssl.bing.com static.captchami.com tiktok.captchami.com unpkg.com www.vimeo.com". Note that 'script-src-elem' was not explicitly set, so 'script-src' is used as a fallback. The policy is report-only, so the violation has been logged but no further action has been taken. @ https://sf16-website-login.neutral.ttwstatic.com/obj/tiktok_web_login_static/tiktok/webapp/main/react-v18/webapp-desktop/static/js/async/30382.b22c9bba.js:0
[    2476ms] [WARNING] [GSI_LOGGER]: Your client application uses one of the Google One Tap prompt UI status methods that may stop functioning when FedCM becomes mandatory. Refer to the migration guide to update your code accordingly and opt-in to FedCM to test your changes. Learn more: https://developers.google.com/identity/gsi/web/guides/fedcm-migration?s=dc#display_moment and https://developers.google.com/identity/gsi/web/guides/fedcm-migration?s=dc#skipped_moment @ https://accounts.google.com/gsi/client:84
[    2479ms] [ERROR] Not signed in with the identity provider. @ https://www.tiktok.com/foryou:0
[    2900ms] [ERROR] The Content Security Policy directive 'upgrade-insecure-requests' is ignored when delivered in a report-only policy. @ https://sf16-website-login.neutral.ttwstatic.com/obj/tiktok_web_login_static/webmssdk/1.0.0.368/webmssdk.js:0
[    2901ms] [ERROR] The Content Security Policy directive 'upgrade-insecure-requests' is ignored when delivered in a report-only policy. @ https://sf16-website-login.neutral.ttwstatic.com/obj/tiktok_web_login_static/webmssdk/1.0.0.368/webmssdk.js:0
[    2913ms] [ERROR] The Content Security Policy directive 'upgrade-insecure-requests' is ignored when delivered in a report-only policy. @ https://sf16-website-login.neutral.ttwstatic.com/obj/tiktok_web_login_static/webmssdk/1.0.0.368/webmssdk.js:0
[    2913ms] [ERROR] The Content Security Policy directive 'upgrade-insecure-requests' is ignored when delivered in a report-only policy. @ https://sf16-website-login.neutral.ttwstatic.com/obj/tiktok_web_login_static/webmssdk/1.0.0.368/webmssdk.js:0
[    2983ms] [ERROR] Access to XMLHttpRequest at 'https://mssdk-sg.tiktok.com/web/report?msToken=tGFULfuvF_1KjCfz1C3le8Y1Bv5TPLpYfYf-v83QOe5aE6BdSYZw19YSMXxbGy_XqftlCJDSV9y_PNiRsc5ftHiQhAAbpqy2U8dJTYYwARqfL0kSYIaSmNgMx-NGPYF1sS1Rok-2GPs=&X-Bogus=DFSzsIVYCp0/zzELCoChuxhGbwJN&X-Gnarly=Mckpr4lZZ3Oj8IE/Lv4ivmSixjz/uu3A6zGzj-G6YR3DuTMBWvyarF3SVrOJGSHcqb1yVjO7jWulsXV9FS-ZvG-YVpf2EO17tdY09qyTAlkXOJf6nGasGDK40pXGYml7cpiY6MNJHQ4YuO/QC-6cCuhyZaJWcGsOTjsJFB42Xh3ejlZzF9xraD0tKquxtEdeG9KeaXzgQTL1XFCTL7oWSXEjFw3j-LqV8y/3HV8/3r3Yvp6H6hof9XB4SWhSRT4E2PdD38sffFMRQGvePP72bXMczLDIgGJZHkmik8Df5IB5z/HQKgCCbznAbO7e3pGRasxaQTpjrI==' from origin 'https://www.tiktok.com' has been blocked by CORS policy: No 'Access-Control-Allow-Origin' header is present on the requested resource. @ https://www.tiktok.com/foryou:0
[    2988ms] [ERROR] Failed to load resource: net::ERR_FAILED @ https://mssdk-sg.tiktok.com/web/report?msToken=tGFULfuvF_1KjCfz1C3le8Y1Bv5TPLpYfYf-v83QOe5aE6BdSYZw19YSMXxbGy_XqftlCJDSV9y_PNiRsc5ftHiQhAAbpqy2U8dJTYYwARqfL0kSYIaSmNgMx-NGPYF1sS1Rok-2GPs=&X-Bogus=DFSzsIVYCp0/zzELCoChuxhGbwJN&X-Gnarly=Mckpr4lZZ3Oj8IE/Lv4ivmSixjz/uu3A6zGzj-G6YR3DuTMBWvyarF3SVrOJGSHcqb1yVjO7jWulsXV9FS-ZvG-YVpf2EO17tdY09qyTAlkXOJf6nGasGDK40pXGYml7cpiY6MNJHQ4YuO/QC-6cCuhyZaJWcGsOTjsJFB42Xh3ejlZzF9xraD0tKquxtEdeG9KeaXzgQTL1XFCTL7oWSXEjFw3j-LqV8y/3HV8/3r3Yvp6H6hof9XB4SWhSRT4E2PdD38sffFMRQGvePP72bXMczLDIgGJZHkmik8Df5IB5z/HQKgCCbznAbO7e3pGRasxaQTpjrI==:0
[    2995ms] [ERROR] The Content Security Policy directive 'upgrade-insecure-requests' is ignored when delivered in a report-only policy. @ https://sf16-website-login.neutral.ttwstatic.com/obj/tiktok_web_login_static/webmssdk/1.0.0.368/webmssdk.js:0
[    2996ms] [ERROR] The Content Security Policy directive 'upgrade-insecure-requests' is ignored when delivered in a report-only policy. @ https://sf16-website-login.neutral.ttwstatic.com/obj/tiktok_web_login_static/webmssdk/1.0.0.368/webmssdk.js:0
[    3008ms] [ERROR] The Content Security Policy directive 'upgrade-insecure-requests' is ignored when delivered in a report-only policy. @ https://sf16-website-login.neutral.ttwstatic.com/obj/tiktok_web_login_static/webmssdk/1.0.0.368/webmssdk.js:0
[    3008ms] [ERROR] The Content Security Policy directive 'upgrade-insecure-requests' is ignored when delivered in a report-only policy. @ https://sf16-website-login.neutral.ttwstatic.com/obj/tiktok_web_login_static/webmssdk/1.0.0.368/webmssdk.js:0
[    3507ms] [ERROR] Access to XMLHttpRequest at 'https://mon.tiktokv.com/monitor_browser/collect/batch/?biz_id=tiktok_webapp' from origin 'https://www.tiktok.com' has been blocked by CORS policy: No 'Access-Control-Allow-Origin' header is present on the requested resource. @ https://www.tiktok.com/foryou:0
[    3507ms] [ERROR] Failed to load resource: net::ERR_FAILED @ https://mon.tiktokv.com/monitor_browser/collect/batch/?biz_id=tiktok_webapp:0
[    3712ms] [ERROR] Access to XMLHttpRequest at 'https://mon.tiktokv.com/monitor_browser/collect/batch/?biz_id=pns_cookie_banner_slardar' from origin 'https://www.tiktok.com' has been blocked by CORS policy: No 'Access-Control-Allow-Origin' header is present on the requested resource. @ https://www.tiktok.com/foryou:0
[    3712ms] [ERROR] Failed to load resource: net::ERR_FAILED @ https://mon.tiktokv.com/monitor_browser/collect/batch/?biz_id=pns_cookie_banner_slardar:0
[    4286ms] [ERROR] The Content Security Policy directive 'upgrade-insecure-requests' is ignored when delivered in a report-only policy. @ https://sf16-website-login.neutral.ttwstatic.com/obj/tiktok_web_login_static/ttweb_webmssdk_ex/1.0.0.2492/webmssdk_ex.js:0
[    4287ms] [ERROR] The Content Security Policy directive 'upgrade-insecure-requests' is ignored when delivered in a report-only policy. @ https://sf16-website-login.neutral.ttwstatic.com/obj/tiktok_web_login_static/ttweb_webmssdk_ex/1.0.0.2492/webmssdk_ex.js:0
[    4299ms] [ERROR] The Content Security Policy directive 'upgrade-insecure-requests' is ignored when delivered in a report-only policy. @ https://sf16-website-login.neutral.ttwstatic.com/obj/tiktok_web_login_static/ttweb_webmssdk_ex/1.0.0.2492/webmssdk_ex.js:0
[    4300ms] [ERROR] The Content Security Policy directive 'upgrade-insecure-requests' is ignored when delivered in a report-only policy. @ https://sf16-website-login.neutral.ttwstatic.com/obj/tiktok_web_login_static/ttweb_webmssdk_ex/1.0.0.2492/webmssdk_ex.js:0
[    4407ms] [ERROR] The Content Security Policy directive 'upgrade-insecure-requests' is ignored when delivered in a report-only policy. @ https://sf16-website-login.neutral.ttwstatic.com/obj/tiktok_web_login_static/ttweb_webmssdk_ex/1.0.0.2492/webmssdk_ex.js:0
[    4407ms] [ERROR] The Content Security Policy directive 'upgrade-insecure-requests' is ignored when delivered in a report-only policy. @ https://sf16-website-login.neutral.ttwstatic.com/obj/tiktok_web_login_static/ttweb_webmssdk_ex/1.0.0.2492/webmssdk_ex.js:0
[    4415ms] [ERROR] Access to XMLHttpRequest at 'https://mssdk-sg.tiktok.com/web/report?msToken=Xq8dHAiP_QVR1oB_QslIuvEHrFc55fRsJzNK5M3Xm39WcC-QtmfYY5juQmPcg7kftMSc-KE4iBzTajuHqjBB0vQD3m_32DArvoS3PKuUXZAZHx6W-B0igurHxveLZjhJali2F_X8fPY=&X-Bogus=DFSzsIVY40dTstELCoChubhGbwj1&X-Gnarly=MFSwfwm6i1vrWd/-6ocbO1e4i0PqUnOS/ELbyO5ryMSp0LlswAqU2Tw-ioKw5mXY-tt9v5nZ4wckhJlrrXSgaLMlVfra/HMcwpUqQWwO3nC7JpBzkqMhzrdctEDq1ONM-ihCQL8XwC295AMd9L2P8xCqmznYwIzL5n1Qc7cTj6MTKnby8lYcZC8Bffw5feuMP6ofLdn2D-DpBHYwRlR53/DNFB3UWIaeppeig9gqEQNZycxuKrFxdPVSR9YBaX5GwoeUFnkaw7/dPzvtpm-MLiKch7fq-3vewVy-D6b23YCVoKFAwMEFv4skb99hOWFzHDdbTFGzZZ==' from origin 'https://www.tiktok.com' has been blocked by CORS policy: No 'Access-Control-Allow-Origin' header is present on the requested resource. @ https://www.tiktok.com/foryou:0
[    4418ms] [ERROR] Failed to load resource: net::ERR_FAILED @ https://mssdk-sg.tiktok.com/web/report?msToken=Xq8dHAiP_QVR1oB_QslIuvEHrFc55fRsJzNK5M3Xm39WcC-QtmfYY5juQmPcg7kftMSc-KE4iBzTajuHqjBB0vQD3m_32DArvoS3PKuUXZAZHx6W-B0igurHxveLZjhJali2F_X8fPY=&X-Bogus=DFSzsIVY40dTstELCoChubhGbwj1&X-Gnarly=MFSwfwm6i1vrWd/-6ocbO1e4i0PqUnOS/ELbyO5ryMSp0LlswAqU2Tw-ioKw5mXY-tt9v5nZ4wckhJlrrXSgaLMlVfra/HMcwpUqQWwO3nC7JpBzkqMhzrdctEDq1ONM-ihCQL8XwC295AMd9L2P8xCqmznYwIzL5n1Qc7cTj6MTKnby8lYcZC8Bffw5feuMP6ofLdn2D-DpBHYwRlR53/DNFB3UWIaeppeig9gqEQNZycxuKrFxdPVSR9YBaX5GwoeUFnkaw7/dPzvtpm-MLiKch7fq-3vewVy-D6b23YCVoKFAwMEFv4skb99hOWFzHDdbTFGzZZ==:0
[    4420ms] [ERROR] The Content Security Policy directive 'upgrade-insecure-requests' is ignored when delivered in a report-only policy. @ https://sf16-website-login.neutral.ttwstatic.com/obj/tiktok_web_login_static/ttweb_webmssdk_ex/1.0.0.2492/webmssdk_ex.js:0
[    4420ms] [ERROR] The Content Security Policy directive 'upgrade-insecure-requests' is ignored when delivered in a report-only policy. @ https://sf16-website-login.neutral.ttwstatic.com/obj/tiktok_web_login_static/ttweb_webmssdk_ex/1.0.0.2492/webmssdk_ex.js:0
[    5014ms] [ERROR] Access to XMLHttpRequest at 'https://mon.tiktokv.com/monitor_browser/collect/batch/?biz_id=webmssdk' from origin 'https://www.tiktok.com' has been blocked by CORS policy: No 'Access-Control-Allow-Origin' header is present on the requested resource. @ https://www.tiktok.com/foryou:0
[    5015ms] [ERROR] Failed to load resource: net::ERR_FAILED @ https://mon.tiktokv.com/monitor_browser/collect/batch/?biz_id=webmssdk:0
[    8617ms] [ERROR] Access to fetch at 'https://mon.tiktokv.com/monitor_browser/collect/batch/?bid=tiktok_pns_web_runtime' from origin 'https://www.tiktok.com' has been blocked by CORS policy: No 'Access-Control-Allow-Origin' header is present on the requested resource. @ https://www.tiktok.com/foryou:0
[    8618ms] [ERROR] Failed to load resource: net::ERR_FAILED @ https://mon.tiktokv.com/monitor_browser/collect/batch/?bid=tiktok_pns_web_runtime:0
[   31914ms] [ERROR] [GSI_LOGGER]: FedCM get() rejects with NetworkError: Error retrieving a token. @ https://sf16-website-login.neutral.ttwstatic.com/obj/tiktok_web_login_static/tiktok/webapp/main/react-v18/webapp-desktop/static/js/webapp-desktop.e3f526d4.js:0
[   62335ms] [ERROR] Access to XMLHttpRequest at 'https://mssdk-sg.tiktok.com/web/report?msToken=skvrAopF5F6G1Vt9buaRAzrJB1rZ0XVNFt5qnqxeSpy9S5QhM9nBM2cnjlTIaxom1hmhJ9qygC5d_2ssMkdB7Kx6ZFe4djvPFIfjX_N6T9_L7KXBaqyva4hYdzTQYLxNAP2K2cAFna4=&X-Bogus=DFSzsIVYiQyWjtELCoC4AhhGbwJm&X-Gnarly=MRVBYFxaUxsDJWNaKGxJegooO4k-GVmDiQUZoxJ02mzo6mVMKaent/6ttJruYNgmJawWZDTZO4kF3yUGfy1tNo5huegsnpyr7Wc5Ij/41Y6CJAScVsBOs8Wu2mCMx7a0WmoDHNtzTy-6uWUb3if6xEZyFW3XkNAhsWlbDqpDXsDi6o97ihwNGnvVIyTAL-jFdEk3T6zGbYE3iL1GQY4hEyD4NbfmG5A0cRwbae/GlY1vilJwEySFNzTSqAqzLnUQzDYv2x2qBVYgRFDN/sMVys3Vcs/IA7MJmkFnigysYrk1LY87hHeQBl2oCZdQ52/32UuHWZm4Uu==' from origin 'https://www.tiktok.com' has been blocked by CORS policy: No 'Access-Control-Allow-Origin' header is present on the requested resource. @ https://www.tiktok.com/foryou:0
[   62340ms] [ERROR] Failed to load resource: net::ERR_FAILED @ https://mssdk-sg.tiktok.com/web/report?msToken=skvrAopF5F6G1Vt9buaRAzrJB1rZ0XVNFt5qnqxeSpy9S5QhM9nBM2cnjlTIaxom1hmhJ9qygC5d_2ssMkdB7Kx6ZFe4djvPFIfjX_N6T9_L7KXBaqyva4hYdzTQYLxNAP2K2cAFna4=&X-Bogus=DFSzsIVYiQyWjtELCoC4AhhGbwJm&X-Gnarly=MRVBYFxaUxsDJWNaKGxJegooO4k-GVmDiQUZoxJ02mzo6mVMKaent/6ttJruYNgmJawWZDTZO4kF3yUGfy1tNo5huegsnpyr7Wc5Ij/41Y6CJAScVsBOs8Wu2mCMx7a0WmoDHNtzTy-6uWUb3if6xEZyFW3XkNAhsWlbDqpDXsDi6o97ihwNGnvVIyTAL-jFdEk3T6zGbYE3iL1GQY4hEyD4NbfmG5A0cRwbae/GlY1vilJwEySFNzTSqAqzLnUQzDYv2x2qBVYgRFDN/sMVys3Vcs/IA7MJmkFnigysYrk1LY87hHeQBl2oCZdQ52/32UuHWZm4Uu==:0
